00:29:13.516 [pool-2-thread-1] INFO  server - РљРѕР»Р»РµРєС†РёСЏ СѓСЃРїРµС€РЅРѕ СЃРѕС…СЂР°РЅРµРЅР° РІ С„Р°Р№Р»
00:29:17.043 [main] INFO  server - Connection accepted from java.nio.channels.SocketChannel[connected local=/127.0.0.1:1234 remote=/127.0.0.1:65496]
00:29:18.726 [main] INFO  server - Reading...
00:29:18.734 [main] INFO  server - Writing...
00:29:19.759 [main] INFO  server - Reading...
00:29:19.764 [main] INFO  server - Writing...
00:29:21.051 [main] INFO  server - Reading...
00:29:21.055 [main] INFO  server - Writing...
00:29:23.557 [main] INFO  server - Reading...
00:29:23.558 [main] INFO  server - Writing...
00:29:27.774 [main] INFO  server - Reading...
00:29:34.909 [main] INFO  server - Connection accepted from java.nio.channels.SocketChannel[connected local=/127.0.0.1:1234 remote=/127.0.0.1:65502]
00:29:36.966 [main] INFO  server - Reading...
00:29:36.967 [main] INFO  server - Writing...
00:34:53.706 [main] ERROR server - Не найдена переменная окружения DATA_FILE
00:35:16.462 [pool-2-thread-1] INFO  server - Коллекция успешно сохранена в файл
00:35:26.929 [main] INFO  server - Connection accepted from java.nio.channels.SocketChannel[connected local=/127.0.0.1:1234 remote=/127.0.0.1:49296]
00:35:29.231 [main] INFO  server - Reading...
00:35:29.242 [main] INFO  server - Writing...
00:35:30.623 [main] INFO  server - Reading...
00:35:30.624 [main] INFO  server - Writing...
00:35:40.411 [main] INFO  server - Reading...
00:35:40.427 [main] INFO  server - Writing...
00:36:29.182 [pool-2-thread-1] INFO  server - РљРѕР»Р»РµРєС†РёСЏ СѓСЃРїРµС€РЅРѕ СЃРѕС…СЂР°РЅРµРЅР° РІ С„Р°Р№Р»
00:36:32.658 [main] INFO  server - Connection accepted from java.nio.channels.SocketChannel[connected local=/127.0.0.1:1234 remote=/127.0.0.1:49311]
00:36:34.039 [main] INFO  server - Reading...
00:36:34.044 [main] INFO  server - Writing...
00:36:49.419 [pool-2-thread-1] INFO  server - Коллекция успешно сохранена в файл
00:36:56.741 [main] INFO  server - Connection accepted from java.nio.channels.SocketChannel[connected local=/127.0.0.1:1234 remote=/127.0.0.1:49326]
00:36:58.044 [main] INFO  server - Reading...
00:36:58.063 [main] INFO  server - Writing...
00:37:02.372 [main] INFO  server - Reading...
00:37:02.375 [main] INFO  server - Writing...
00:39:35.651 [pool-2-thread-1] INFO  server - Коллекция успешно сохранена в файл
00:39:40.601 [main] INFO  server - Connection accepted from java.nio.channels.SocketChannel[connected local=/127.0.0.1:1234 remote=/127.0.0.1:49906]
00:39:42.205 [main] INFO  server - Reading...
00:39:42.221 [main] INFO  server - Writing...
00:39:43.714 [main] INFO  server - Reading...
00:39:43.717 [main] INFO  server - Writing...
00:39:47.142 [main] INFO  server - Reading...
00:39:47.143 [main] INFO  server - Writing...
15:40:04.375 [pool-2-thread-1] INFO  server - РљРѕР»Р»РµРєС†РёСЏ СѓСЃРїРµС€РЅРѕ СЃРѕС…СЂР°РЅРµРЅР° РІ С„Р°Р№Р»
15:40:15.186 [main] INFO  server - Connection accepted from java.nio.channels.SocketChannel[connected local=/127.0.0.1:1234 remote=/127.0.0.1:50865]
15:40:27.423 [main] INFO  server - Reading...
15:40:27.432 [main] INFO  server - Writing...
15:40:28.552 [main] INFO  server - Reading...
15:40:28.557 [main] INFO  server - Writing...
15:41:17.093 [pool-2-thread-1] INFO  server - Коллекция успешно сохранена в файл
15:41:39.682 [main] INFO  server - Connection accepted from java.nio.channels.SocketChannel[connected local=/127.0.0.1:1234 remote=/127.0.0.1:50907]
15:41:41.443 [main] INFO  server - Reading...
15:41:41.451 [main] INFO  server - Writing...
15:41:43.168 [main] INFO  server - Reading...
15:41:43.183 [main] INFO  server - Writing...
15:46:17.062 [pool-2-thread-1] INFO  server - Коллекция успешно сохранена в файл
15:46:55.365 [main] INFO  server - Reading...
15:46:55.365 [main] WARN  server - Client disconnected
20:24:44.303 [pool-2-thread-1] INFO  server - Коллекция успешно сохранена в файл
20:24:55.907 [main] INFO  server - Connection accepted from java.nio.channels.SocketChannel[connected local=/127.0.0.1:1234 remote=/127.0.0.1:49296]
20:25:01.151 [main] INFO  server - Reading...
20:25:01.161 [main] INFO  server - Writing...
20:25:02.478 [main] INFO  server - Reading...
20:25:02.494 [main] INFO  server - Writing...
20:25:04.476 [main] INFO  server - Reading...
20:25:04.479 [main] INFO  server - Writing...
20:25:06.488 [main] INFO  server - Reading...
20:25:06.488 [main] INFO  server - Writing...
20:25:11.011 [main] INFO  server - Reading...
20:25:11.015 [main] INFO  server - Writing...
21:01:49.430 [pool-2-thread-1] INFO  server - РљРѕР»Р»РµРєС†РёСЏ СѓСЃРїРµС€РЅРѕ СЃРѕС…СЂР°РЅРµРЅР° РІ С„Р°Р№Р»
11:16:04.743 [pool-2-thread-1] INFO  server - Коллекция успешно сохранена в файл
11:16:47.361 [main] ERROR server - Не найдена переменная окружения DATA_FILE
11:16:54.188 [pool-2-thread-1] INFO  server - Коллекция успешно сохранена в файл
11:21:54.165 [pool-2-thread-1] INFO  server - Коллекция успешно сохранена в файл
11:25:16.021 [pool-2-thread-1] INFO  server - Коллекция успешно сохранена в файл
11:25:32.271 [pool-2-thread-1] INFO  server - РљРѕР»Р»РµРєС†РёСЏ СѓСЃРїРµС€РЅРѕ СЃРѕС…СЂР°РЅРµРЅР° РІ С„Р°Р№Р»
11:25:58.100 [Thread-0] INFO  server - Server finishes working
11:26:01.726 [pool-2-thread-1] INFO  server - РљРѕР»Р»РµРєС†РёСЏ СѓСЃРїРµС€РЅРѕ СЃРѕС…СЂР°РЅРµРЅР° РІ С„Р°Р№Р»
11:26:05.246 [main] INFO  server - Connection accepted from java.nio.channels.SocketChannel[connected local=/127.0.0.1:9132 remote=/127.0.0.1:60934]
11:26:07.473 [main] INFO  server - Reading...
11:26:07.478 [main] INFO  server - Writing...
11:26:11.701 [main] INFO  server - Connection accepted from java.nio.channels.SocketChannel[connected local=/127.0.0.1:9132 remote=/127.0.0.1:60938]
11:26:14.601 [main] INFO  server - Reading...
11:26:14.610 [main] INFO  server - Writing...
11:26:15.652 [main] INFO  server - Reading...
11:26:15.658 [main] INFO  server - Writing...
11:26:26.283 [Thread-0] INFO  server - Server finishes working
23:44:31.859 [pool-2-thread-1] INFO  server - РљРѕР»Р»РµРєС†РёСЏ СѓСЃРїРµС€РЅРѕ СЃРѕС…СЂР°РЅРµРЅР° РІ С„Р°Р№Р»
23:44:34.962 [main] INFO  server - Connection accepted from java.nio.channels.SocketChannel[connected local=/127.0.0.1:9132 remote=/127.0.0.1:59129]
23:46:08.048 [main] INFO  server - Reading...
23:46:08.057 [main] INFO  server - Writing...
23:46:08.058 [main] INFO  server - Reading...
23:46:08.059 [main] INFO  server - Writing...
23:46:08.059 [main] INFO  server - Reading...
23:46:08.061 [main] INFO  server - Writing...
23:46:08.071 [main] INFO  server - Reading...
23:46:08.075 [main] INFO  server - Writing...
23:46:08.076 [main] INFO  server - Reading...
23:46:08.077 [main] INFO  server - Writing...
23:46:08.078 [main] INFO  server - Reading...
23:46:08.079 [main] INFO  server - Writing...
23:46:08.079 [main] INFO  server - Reading...
23:46:08.079 [main] INFO  server - Writing...
23:46:08.080 [main] INFO  server - Reading...
23:46:08.080 [main] INFO  server - Writing...
23:46:08.081 [main] INFO  server - Reading...
23:46:08.081 [main] INFO  server - Writing...
23:46:08.081 [main] INFO  server - Reading...
23:46:08.081 [main] INFO  server - Writing...
23:46:08.083 [main] INFO  server - Reading...
23:46:08.083 [main] INFO  server - Writing...
23:46:08.083 [main] INFO  server - Reading...
23:46:08.084 [main] INFO  server - Writing...
23:46:08.084 [main] INFO  server - Reading...
23:46:08.084 [main] INFO  server - Writing...
23:46:08.085 [main] INFO  server - Reading...
23:46:08.085 [main] INFO  server - Writing...
23:46:08.086 [main] INFO  server - Reading...
23:46:08.086 [main] INFO  server - Writing...
23:46:23.628 [main] INFO  server - Reading...
23:46:23.629 [main] INFO  server - Writing...
23:46:23.630 [main] INFO  server - Reading...
23:46:23.630 [main] INFO  server - Writing...
23:46:23.631 [main] INFO  server - Reading...
23:46:23.632 [main] INFO  server - Writing...
23:46:23.634 [main] INFO  server - Reading...
23:46:23.634 [main] INFO  server - Writing...
23:46:23.635 [main] INFO  server - Reading...
23:46:23.635 [main] INFO  server - Writing...
23:46:33.067 [main] INFO  server - Reading...
23:46:33.068 [main] INFO  server - Writing...
23:46:34.123 [main] INFO  server - Reading...
23:46:34.123 [main] INFO  server - Writing...
23:46:37.385 [main] INFO  server - Reading...
23:46:37.386 [main] WARN  server - Client disconnected
23:46:47.685 [Thread-0] INFO  server - Server finishes working
23:46:47.685 [Thread-0] INFO  server - РљРѕР»Р»РµРєС†РёСЏ РїСѓСЃС‚Р°, РЅРµС‡РµРіРѕ СЃРѕС…СЂР°РЅСЏС‚СЊ.
